0 info it worked if it ends with ok
1 verbose cli [ 'node', '/usr/bin/npm', 'start' ]
2 info using npm@3.8.8
3 info using node@v0.10.43
4 verbose node symlink /usr/bin/node
5 verbose run-script [ 'prestart', 'start', 'poststart' ]
6 info lifecycle weca@0.0.0~prestart: weca@0.0.0
7 silly lifecycle weca@0.0.0~prestart: no script for prestart, continuing
8 info lifecycle weca@0.0.0~start: weca@0.0.0
9 verbose lifecycle weca@0.0.0~start: unsafe-perm in lifecycle true
10 verbose lifecycle weca@0.0.0~start: PATH: /usr/lib/node_modules/npm/bin/node-gyp-bin:/home/andres/repo/weca/node_modules/.bin:/usr/bin:/usr/local/heroku/bin:~/.composer/vendor/bin:/usr/local/sbin:/usr/local/bin:/usr/sbin:/usr/bin:/sbin:/bin:/usr/games:/usr/local/games
11 verbose lifecycle weca@0.0.0~start: CWD: /home/andres/repo/weca
12 silly lifecycle weca@0.0.0~start: Args: [ '-c', 'node ./bin/www' ]
13 silly lifecycle weca@0.0.0~start: Returned: code: 8  signal: null
14 info lifecycle weca@0.0.0~start: Failed to exec start script
15 verbose stack Error: weca@0.0.0 start: `node ./bin/www`
15 verbose stack Exit status 8
15 verbose stack     at EventEmitter.<anonymous> (/usr/lib/node_modules/npm/lib/utils/lifecycle.js:244:16)
15 verbose stack     at EventEmitter.emit (events.js:98:17)
15 verbose stack     at ChildProcess.<anonymous> (/usr/lib/node_modules/npm/lib/utils/spawn.js:24:14)
15 verbose stack     at ChildProcess.emit (events.js:98:17)
15 verbose stack     at maybeClose (child_process.js:766:16)
15 verbose stack     at Process.ChildProcess._handle.onexit (child_process.js:833:5)
16 verbose pkgid weca@0.0.0
17 verbose cwd /home/andres/repo/weca
18 error Linux 3.19.0-28-generic
19 error argv "node" "/usr/bin/npm" "start"
20 error node v0.10.43
21 error npm  v3.8.8
22 error code ELIFECYCLE
23 error weca@0.0.0 start: `node ./bin/www`
23 error Exit status 8
24 error Failed at the weca@0.0.0 start script 'node ./bin/www'.
24 error Make sure you have the latest version of node.js and npm installed.
24 error If you do, this is most likely a problem with the weca package,
24 error not with npm itself.
24 error Tell the author that this fails on your system:
24 error     node ./bin/www
24 error You can get information on how to open an issue for this project with:
24 error     npm bugs weca
24 error Or if that isn't available, you can get their info via:
24 error     npm owner ls weca
24 error There is likely additional logging output above.
25 verbose exit [ 1, true ]
